<?xml version="1.0" encoding="UTF-8"?>
<!-- Generated by org.testng.reporters.JUnitReportReporter -->
<testsuite hostname="sachin" failures="0" tests="1" name="ExecutingTest.NykaaShoppingAutomation" time="70.773" errors="0" timestamp="2023-08-24T18:47:50 IST" skipped="0">
  <testcase classname="ExecutingTest.NykaaShoppingAutomation" name="NykaShopping" time="70.773"/>
</testsuite> <!-- ExecutingTest.NykaaShoppingAutomation -->
